Software Version: 12.900.20.24
Programmer: 'E2001Q8ZYC' : JTAG TCK / SPI SCK frequency = 1 MHz
programmer 'E2001Q8ZYC' : FlashPro5
Opened 'C:\Microsemi\Projects\Project_3\AES_jb\designer\aes_main\aes_main_fp\aes_main.pro'
The 'open_project' command succeeded.
Warning: Programming is already enabled for device 'M2S010'.
The 'enable_device' command succeeded.
PPD file 'C:/Microsemi/Projects/Project_3/AES_jb/designer/aes_main/aes_main.ppd' has been loaded successfully.
DESIGN : aes_main;  CHECKSUM : 2802;  PDB_VERSION : 1.0
The 'set_programming_file' command succeeded.
The 'set_programming_action' command succeeded.
programmer 'E2001Q8ZYC' : Scan Chain...
Programmer: 'E2001Q8ZYC' : JTAG TCK / SPI SCK frequency = 1 MHz
programmer 'E2001Q8ZYC' : Check Chain...
programmer 'E2001Q8ZYC' : Scan and Check Chain PASSED.
programmer 'E2001Q8ZYC' : device 'M2S010' : Executing action PROGRAM
Programmer: 'E2001Q8ZYC' : JTAG TCK / SPI SCK frequency = 4 MHz
programmer 'E2001Q8ZYC' : device 'M2S010' : Family: Igloo2
programmer 'E2001Q8ZYC' : device 'M2S010' : Product:      M2GL005
programmer 'E2001Q8ZYC' : device 'M2S010' : Cortex-M3 Disabled (M3_ALLOWED = 0)
programmer 'E2001Q8ZYC' : device 'M2S010' : EXPORT ISC_ENABLE_RESULT[32] = 00826f44
programmer 'E2001Q8ZYC' : device 'M2S010' : EXPORT CRCERR[1] = 0
programmer 'E2001Q8ZYC' : device 'M2S010' : EXPORT EDCERR[1] = 0
programmer 'E2001Q8ZYC' : device 'M2S010' : Programming FPGA Array...
programmer 'E2001Q8ZYC' : device 'M2S010' : EXPORT Fabric component digest[256] = 243e7acbf4a5db88b430a472393fead3fd272860cef86a23144fc70a35f8940b
programmer 'E2001Q8ZYC' : device 'M2S010' : ===================================================================================
programmer 'E2001Q8ZYC' : device 'M2S010' : EXPORT DSN[128] = f47b9e8b0cedb829f5d49cd350520f54
programmer 'E2001Q8ZYC' : device 'M2S010' : ===================================================================================
programmer 'E2001Q8ZYC' : device 'M2S010' : Finished: Thu Dec  9 00:26:06 2021 (Elapsed time 00:00:24)
programmer 'E2001Q8ZYC' : device 'M2S010' : Executing action PROGRAM PASSED.
programmer 'E2001Q8ZYC' : Chain programming PASSED.
Chain Programming Finished: Thu Dec  9 00:26:06 2021 (Elapsed time 00:00:24)

                        o - o - o - o - o - o

The 'run_selected_actions' command succeeded.
Project saved.
The 'save_project' command succeeded.
Project closed.
Exported log file C:\Microsemi\Projects\Project_3\AES_jb\designer\aes_main\aes_main_fp\aes_main.log.
The 'close_project' command succeeded.
The Execute Script command succeeded.
